<?xml version="1.0" encoding="utf-8"?><testsuites name="pytest tests"><testsuite name="pytest" errors="0" failures="0" skipped="0" tests="13" time="5.483" timestamp="2026-02-28T10:30:00.907250+00:00" hostname="agent-env-298133dd-573e-4592-964f-c015cad27f80"><testcase classname="backend.tests.test_reconciliation_api.TestReconciliationAuth" name="test_login_success" time="0.529" /><testcase classname="backend.tests.test_reconciliation_api.TestReconciliationMatchingEngine" name="test_run_matching_endpoint_returns_success" time="0.733" /><testcase classname="backend.tests.test_reconciliation_api.TestReconciliationMatchingEngine" name="test_run_matching_returns_correct_structure" time="0.249" /><testcase classname="backend.tests.test_reconciliation_api.TestReconciliationMatchingEngine" name="test_run_matching_summary_structure" time="0.250" /><testcase classname="backend.tests.test_reconciliation_api.TestReconciliationMatchingEngine" name="test_exact_amount_matching" time="0.237" /><testcase classname="backend.tests.test_reconciliation_api.TestReconciliationMatchingEngine" name="test_partial_payment_matching" time="0.246" /><testcase classname="backend.tests.test_reconciliation_api.TestReconciliationMatchingEngine" name="test_matching_with_empty_transactions" time="0.252" /><testcase classname="backend.tests.test_reconciliation_api.TestReconciliationMatchingEngine" name="test_date_tolerance_setting" time="0.246" /><testcase classname="backend.tests.test_reconciliation_api.TestReconciliationPDFExport" name="test_generate_pdf_endpoint" time="0.814" /><testcase classname="backend.tests.test_reconciliation_api.TestReconciliationExcelExport" name="test_generate_excel_endpoint" time="1.100" /><testcase classname="backend.tests.test_reconciliation_api.TestReconciliationEndpointSecurity" name="test_run_matching_requires_auth" time="0.239" /><testcase classname="backend.tests.test_reconciliation_api.TestReconciliationEndpointSecurity" name="test_generate_pdf_requires_auth" time="0.242" /><testcase classname="backend.tests.test_reconciliation_api.TestReconciliationEndpointSecurity" name="test_generate_excel_requires_auth" time="0.259" /></testsuite></testsuites>