<?xml version="1.0" encoding="utf-8"?><testsuites name="pytest tests"><testsuite name="pytest" errors="0" failures="0" skipped="0" tests="13" time="3.418" timestamp="2026-02-26T22:08:05.793826+00:00" hostname="agent-env-e2ade7c0-e6e3-44a7-b595-5097510196e4"><testcase classname="backend.tests.test_tds_api.TestTDSWorkflow" name="test_01_api_health" time="0.748" /><testcase classname="backend.tests.test_tds_api.TestTDSWorkflow" name="test_02_generate_sample_data" time="0.208" /><testcase classname="backend.tests.test_tds_api.TestTDSWorkflow" name="test_03_calculate_tds" time="0.144" /><testcase classname="backend.tests.test_tds_api.TestTDSWorkflow" name="test_04_export_tally_xml" time="0.196" /><testcase classname="backend.tests.test_tds_api.TestTDSWorkflow" name="test_05_export_traces_json_26q" time="0.166" /><testcase classname="backend.tests.test_tds_api.TestTDSWorkflow" name="test_06_export_traces_json_24q" time="0.191" /><testcase classname="backend.tests.test_tds_api.TestTDSWorkflow" name="test_07_get_returns_list" time="0.232" /><testcase classname="backend.tests.test_tds_api.TestTDSWorkflow" name="test_08_get_single_return" time="0.125" /><testcase classname="backend.tests.test_tds_api.TestTDSWorkflow" name="test_09_download_template_deductees" time="0.375" /><testcase classname="backend.tests.test_tds_api.TestTDSWorkflow" name="test_10_download_template_employees" time="0.141" /><testcase classname="backend.tests.test_tds_api.TestTDSCalculationLogic" name="test_tds_194c_contractor_calculation" time="0.490" /><testcase classname="backend.tests.test_tds_api.TestTDSCalculationLogic" name="test_tds_194j_professional_calculation" time="0.147" /><testcase classname="backend.tests.test_tds_api.TestTDSCalculationLogic" name="test_tds_salary_calculation" time="0.185" /></testsuite></testsuites>