<?xml version="1.0" encoding="utf-8"?><testsuites name="pytest tests"><testsuite name="pytest" errors="0" failures="0" skipped="0" tests="6" time="17.996" timestamp="2026-02-16T07:01:05.096388+00:00" hostname="agent-env-c1afb32b-67e8-4158-8f13-7942cf01cec3"><testcase classname="backend.tests.test_ai_extraction_endpoints.TestAIExtractionEndpoints" name="test_gst_extract_invoice_endpoint_exists" time="4.699" /><testcase classname="backend.tests.test_ai_extraction_endpoints.TestAIExtractionEndpoints" name="test_tds_extract_data_endpoint_exists" time="4.894" /><testcase classname="backend.tests.test_ai_extraction_endpoints.TestAIExtractionEndpoints" name="test_tally_extract_statement_endpoint_exists" time="2.745" /><testcase classname="backend.tests.test_ai_extraction_endpoints.TestAIExtractionEndpoints" name="test_financial_extract_trial_balance_endpoint_exists" time="2.304" /><testcase classname="backend.tests.test_ai_extraction_endpoints.TestHealthAndBasicEndpoints" name="test_api_health" time="0.991" /><testcase classname="backend.tests.test_ai_extraction_endpoints.TestHealthAndBasicEndpoints" name="test_login_endpoint" time="1.695" /></testsuite></testsuites>