<?xml version="1.0" encoding="utf-8"?><testsuites name="pytest tests"><testsuite name="pytest" errors="0" failures="0" skipped="0" tests="10" time="11.335" timestamp="2026-02-16T06:08:39.104446+00:00" hostname="agent-env-a7bc6ac9-0b31-48fe-980f-963a21027b23"><testcase classname="backend.tests.test_gstn_api.TestGSTNAPIFilingEndpoints" name="test_get_gstn_settings" time="2.471" /><testcase classname="backend.tests.test_gstn_api.TestGSTNAPIFilingEndpoints" name="test_save_gstn_settings" time="0.782" /><testcase classname="backend.tests.test_gstn_api.TestGSTNAPIFilingEndpoints" name="test_get_gst_profiles" time="0.767" /><testcase classname="backend.tests.test_gstn_api.TestGSTNAPIFilingEndpoints" name="test_create_gst_profile" time="0.779" /><testcase classname="backend.tests.test_gstn_api.TestGSTNAPIFilingEndpoints" name="test_request_otp_endpoint" time="0.927" /><testcase classname="backend.tests.test_gstn_api.TestGSTNAPIFilingEndpoints" name="test_submit_return_endpoint" time="0.769" /><testcase classname="backend.tests.test_gstn_api.TestGSTNAPIFilingEndpoints" name="test_save_audit_log" time="0.915" /><testcase classname="backend.tests.test_gstn_api.TestGSTFilingSteps" name="test_period_invoices_endpoint" time="1.807" /><testcase classname="backend.tests.test_gstn_api.TestGSTFilingSteps" name="test_add_invoice_endpoint" time="0.757" /><testcase classname="backend.tests.test_gstn_api.TestGSTFilingSteps" name="test_gstr1_status" time="1.164" /></testsuite></testsuites>