<?xml version="1.0" encoding="utf-8"?><testsuites name="pytest tests"><testsuite name="pytest" errors="0" failures="0" skipped="0" tests="28" time="36.142" timestamp="2026-02-16T04:17:26.303350+00:00" hostname="agent-env-801bd582-970d-424a-a44f-85cd03bf857c"><testcase classname="tests.test_gst_api.TestGSTSystemSetup" name="test_api_health" time="1.008" /><testcase classname="tests.test_gst_api.TestGSTSystemSetup" name="test_signup_or_login" time="1.961" /><testcase classname="tests.test_gst_api.TestGSTProfileAPI" name="test_profile_invalid_gstin_length" time="3.205" /><testcase classname="tests.test_gst_api.TestGSTProfileAPI" name="test_profile_invalid_state_code" time="0.676" /><testcase classname="tests.test_gst_api.TestGSTProfileAPI" name="test_profile_missing_legal_name" time="0.668" /><testcase classname="tests.test_gst_api.TestGSTProfileAPI" name="test_profile_create_valid" time="0.698" /><testcase classname="tests.test_gst_api.TestGSTProfileAPI" name="test_get_profiles" time="0.700" /><testcase classname="tests.test_gst_api.TestGSTProfileAPI" name="test_get_profile_by_gstin" time="0.669" /><testcase classname="tests.test_gst_api.TestGSTInvoiceAPI" name="test_invoice_without_profile" time="2.842" /><testcase classname="tests.test_gst_api.TestGSTInvoiceAPI" name="test_invoice_future_date" time="0.670" /><testcase classname="tests.test_gst_api.TestGSTInvoiceAPI" name="test_invoice_invalid_gst_rate" time="0.682" /><testcase classname="tests.test_gst_api.TestGSTInvoiceAPI" name="test_invoice_tax_calculation_mismatch" time="0.671" /><testcase classname="tests.test_gst_api.TestGSTInvoiceAPI" name="test_invoice_igst_for_intra_state" time="0.684" /><testcase classname="tests.test_gst_api.TestGSTInvoiceAPI" name="test_invoice_b2b_valid_intra_state" time="0.878" /><testcase classname="tests.test_gst_api.TestGSTInvoiceAPI" name="test_invoice_b2c_small" time="0.693" /><testcase classname="tests.test_gst_api.TestGSTInvoiceAPI" name="test_invoice_inter_state" time="0.695" /><testcase classname="tests.test_gst_api.TestGSTInvoiceAPI" name="test_invoice_duplicate_check" time="0.701" /><testcase classname="tests.test_gst_api.TestGSTInvoiceAPI" name="test_get_period_invoices" time="0.658" /><testcase classname="tests.test_gst_api.TestGSTR1ValidationAPI" name="test_gstr1_validate_no_invoices_no_nil" time="2.636" /><testcase classname="tests.test_gst_api.TestGSTR1ValidationAPI" name="test_gstr1_validate_nil_return" time="0.702" /><testcase classname="tests.test_gst_api.TestGSTR1ValidationAPI" name="test_gstr1_validate_with_invoices" time="0.690" /><testcase classname="tests.test_gst_api.TestGSTR1ValidationAPI" name="test_gstr1_status" time="0.675" /><testcase classname="tests.test_gst_api.TestGSTR3BGenerationAPI" name="test_gstr3b_generate_without_gstr1_validation" time="2.630" /><testcase classname="tests.test_gst_api.TestGSTR3BGenerationAPI" name="test_gstr3b_generate_success" time="0.685" /><testcase classname="tests.test_gst_api.TestGSTR3BValidationAPI" name="test_gstr3b_validate_mismatch" time="3.227" /><testcase classname="tests.test_gst_api.TestGSTR3BValidationAPI" name="test_gstr3b_validate_success" time="1.330" /><testcase classname="tests.test_gst_api.TestGSTPreviewExportAPI" name="test_preview" time="3.468" /><testcase classname="tests.test_gst_api.TestGSTPreviewExportAPI" name="test_export" time="0.700" /></testsuite></testsuites>