<?xml version="1.0" encoding="utf-8"?><testsuites name="pytest tests"><testsuite name="pytest" errors="0" failures="0" skipped="0" tests="23" time="20.816" timestamp="2026-02-16T05:14:58.177482+00:00" hostname="agent-env-801bd582-970d-424a-a44f-85cd03bf857c"><testcase classname="backend.tests.test_gst_validation_v2.TestComprehensiveValidationEndpoint" name="test_validate_endpoint_accessible" time="3.798" /><testcase classname="backend.tests.test_gst_validation_v2.TestComprehensiveValidationEndpoint" name="test_validate_returns_correct_structure" time="0.731" /><testcase classname="backend.tests.test_gst_validation_v2.TestComprehensiveValidationEndpoint" name="test_validate_sections_have_valid_and_message" time="0.685" /><testcase classname="backend.tests.test_gst_validation_v2.TestComprehensiveValidationEndpoint" name="test_validate_profile_not_found" time="0.687" /><testcase classname="backend.tests.test_gst_validation_v2.TestComprehensiveValidationEndpoint" name="test_validate_gstr1_not_prepared" time="0.671" /><testcase classname="backend.tests.test_gst_validation_v2.TestComprehensiveValidationEndpoint" name="test_validate_gstr3b_not_prepared" time="0.699" /><testcase classname="backend.tests.test_gst_validation_v2.TestComprehensiveValidationEndpoint" name="test_validate_error_format" time="0.832" /><testcase classname="backend.tests.test_gst_validation_v2.TestComprehensiveValidationEndpoint" name="test_validate_success_when_all_checks_complete" time="0.719" /><testcase classname="backend.tests.test_gst_validation_v2.TestComprehensiveValidationEndpoint" name="test_validate_duplicate_invoice_detection" time="1.401" /><testcase classname="backend.tests.test_gst_validation_v2.TestComprehensiveValidationEndpoint" name="test_validate_reconciliation_check" time="0.676" /><testcase classname="backend.tests.test_gst_validation_v2.TestMarkAsFiledEndpoint" name="test_mark_filed_endpoint_accessible" time="0.691" /><testcase classname="backend.tests.test_gst_validation_v2.TestMarkAsFiledEndpoint" name="test_mark_filed_fails_without_valid_profile" time="0.668" /><testcase classname="backend.tests.test_gst_validation_v2.TestMarkAsFiledEndpoint" name="test_mark_filed_fails_when_gstr1_not_prepared" time="0.750" /><testcase classname="backend.tests.test_gst_validation_v2.TestMarkAsFiledEndpoint" name="test_mark_filed_fails_when_gstr3b_not_prepared" time="0.750" /><testcase classname="backend.tests.test_gst_validation_v2.TestMarkAsFiledEndpoint" name="test_mark_filed_returns_correct_structure" time="0.710" /><testcase classname="backend.tests.test_gst_validation_v2.TestMarkAsFiledEndpoint" name="test_mark_filed_validates_before_filing" time="0.673" /><testcase classname="backend.tests.test_gst_validation_v2.TestFilingModeEndpoint" name="test_set_filing_mode_manual" time="0.698" /><testcase classname="backend.tests.test_gst_validation_v2.TestFilingModeEndpoint" name="test_set_filing_mode_invalid" time="0.673" /><testcase classname="backend.tests.test_gst_validation_v2.TestValidationEdgeCases" name="test_validate_future_period" time="0.674" /><testcase classname="backend.tests.test_gst_validation_v2.TestValidationEdgeCases" name="test_validate_old_period" time="0.674" /><testcase classname="backend.tests.test_gst_validation_v2.TestValidationEdgeCases" name="test_validate_invalid_period_format" time="0.675" /><testcase classname="backend.tests.test_gst_validation_v2.TestValidationSummary" name="test_validate_returns_summary" time="0.674" /><testcase classname="backend.tests.test_gst_validation_v2.TestValidationSummary" name="test_validate_returns_total_counts" time="0.679" /></testsuite></testsuites>